<?xml version="1.0" encoding="UTF-8"?>
<!-- Generated by org.testng.reporters.JUnitXMLReporter -->
<testsuite ignored="0" hostname="DESKTOP-8EVVOI4" failures="0" tests="5" name="FirefoxTest" time="0.726" errors="0" timestamp="2022-08-06T21:31:20 IST">
  <testcase classname="com.saucedemo.testClass.TestBaseClass" name="@BeforeMethod setUp" time="0.34">
    <failure type="java.lang.IllegalStateException" message="The driver executable does not exist: C:\Users\ADMIN\Downloads\geckodriver-v0.31.0-linux32\geckodriver.exe">
      <![CDATA[java.lang.IllegalStateException: The driver executable does not exist: C:\Users\ADMIN\Downloads\geckodriver-v0.31.0-linux32\geckodriver.exe
at com.google.common.base.Preconditions.checkState(Preconditions.java:585)
at org.openqa.selenium.remote.service.DriverService.checkExecutable(DriverService.java:146)
at org.openqa.selenium.remote.service.DriverService.findExecutable(DriverService.java:141)
at org.openqa.selenium.firefox.GeckoDriverService.access$100(GeckoDriverService.java:44)
at org.openqa.selenium.firefox.GeckoDriverService$Builder.findDefaultExecutable(GeckoDriverService.java:167)
at org.openqa.selenium.remote.service.DriverService$Builder.build(DriverService.java:355)
at org.openqa.selenium.firefox.FirefoxDriver.toExecutor(FirefoxDriver.java:190)
at org.openqa.selenium.firefox.FirefoxDriver.<init>(FirefoxDriver.java:147)
at org.openqa.selenium.firefox.FirefoxDriver.<init>(FirefoxDriver.java:125)
at com.saucedemo.testClass.TestBaseClass.setUp(TestBaseClass.java:36)
at java.base/java.util.ArrayList.forEach(ArrayList.java:1511)
... Removed 31 stack frames]]>
    </failure>
  </testcase> <!-- @BeforeMethod setUp -->
  <testcase classname="com.saucedemo.testClass.TestBaseClass" name="@AfterMethod teardownMethod" time="-1.659801680389E9">
    <skipped/>
  </testcase> <!-- @AfterMethod teardownMethod -->
  <testcase classname="com.saucedemo.testClass.TestBaseClass" name="@BeforeMethod setUp" time="0.022">
    <failure type="java.lang.IllegalStateException" message="The driver executable does not exist: C:\Users\ADMIN\Downloads\geckodriver-v0.31.0-linux32\geckodriver.exe">
      <![CDATA[java.lang.IllegalStateException: The driver executable does not exist: C:\Users\ADMIN\Downloads\geckodriver-v0.31.0-linux32\geckodriver.exe
at com.google.common.base.Preconditions.checkState(Preconditions.java:585)
at org.openqa.selenium.remote.service.DriverService.checkExecutable(DriverService.java:146)
at org.openqa.selenium.remote.service.DriverService.findExecutable(DriverService.java:141)
at org.openqa.selenium.firefox.GeckoDriverService.access$100(GeckoDriverService.java:44)
at org.openqa.selenium.firefox.GeckoDriverService$Builder.findDefaultExecutable(GeckoDriverService.java:167)
at org.openqa.selenium.remote.service.DriverService$Builder.build(DriverService.java:355)
at org.openqa.selenium.firefox.FirefoxDriver.toExecutor(FirefoxDriver.java:190)
at org.openqa.selenium.firefox.FirefoxDriver.<init>(FirefoxDriver.java:147)
at org.openqa.selenium.firefox.FirefoxDriver.<init>(FirefoxDriver.java:125)
at com.saucedemo.testClass.TestBaseClass.setUp(TestBaseClass.java:36)
at java.base/java.util.ArrayList.forEach(ArrayList.java:1511)
... Removed 31 stack frames]]>
    </failure>
  </testcase> <!-- @BeforeMethod setUp -->
  <testcase classname="com.saucedemo.testClass.TestBaseClass" name="@AfterMethod teardownMethod" time="-1.659801680452E9">
    <skipped/>
  </testcase> <!-- @AfterMethod teardownMethod -->
  <testcase classname="com.saucedemo.testClass.TestBaseClass" name="@BeforeMethod setUp" time="0.023">
    <failure type="java.lang.IllegalStateException" message="The driver executable does not exist: C:\Users\ADMIN\Downloads\geckodriver-v0.31.0-linux32\geckodriver.exe">
      <![CDATA[java.lang.IllegalStateException: The driver executable does not exist: C:\Users\ADMIN\Downloads\geckodriver-v0.31.0-linux32\geckodriver.exe
at com.google.common.base.Preconditions.checkState(Preconditions.java:585)
at org.openqa.selenium.remote.service.DriverService.checkExecutable(DriverService.java:146)
at org.openqa.selenium.remote.service.DriverService.findExecutable(DriverService.java:141)
at org.openqa.selenium.firefox.GeckoDriverService.access$100(GeckoDriverService.java:44)
at org.openqa.selenium.firefox.GeckoDriverService$Builder.findDefaultExecutable(GeckoDriverService.java:167)
at org.openqa.selenium.remote.service.DriverService$Builder.build(DriverService.java:355)
at org.openqa.selenium.firefox.FirefoxDriver.toExecutor(FirefoxDriver.java:190)
at org.openqa.selenium.firefox.FirefoxDriver.<init>(FirefoxDriver.java:147)
at org.openqa.selenium.firefox.FirefoxDriver.<init>(FirefoxDriver.java:125)
at com.saucedemo.testClass.TestBaseClass.setUp(TestBaseClass.java:36)
at java.base/java.util.ArrayList.forEach(ArrayList.java:1511)
... Removed 31 stack frames]]>
    </failure>
  </testcase> <!-- @BeforeMethod setUp -->
  <testcase classname="com.saucedemo.testClass.TestBaseClass" name="@AfterMethod teardownMethod" time="-1.659801680532E9">
    <skipped/>
  </testcase> <!-- @AfterMethod teardownMethod -->
  <testcase classname="com.saucedemo.testClass.TestBaseClass" name="@BeforeMethod setUp" time="0.046">
    <failure type="java.lang.IllegalStateException" message="The driver executable does not exist: C:\Users\ADMIN\Downloads\geckodriver-v0.31.0-linux32\geckodriver.exe">
      <![CDATA[java.lang.IllegalStateException: The driver executable does not exist: C:\Users\ADMIN\Downloads\geckodriver-v0.31.0-linux32\geckodriver.exe
at com.google.common.base.Preconditions.checkState(Preconditions.java:585)
at org.openqa.selenium.remote.service.DriverService.checkExecutable(DriverService.java:146)
at org.openqa.selenium.remote.service.DriverService.findExecutable(DriverService.java:141)
at org.openqa.selenium.firefox.GeckoDriverService.access$100(GeckoDriverService.java:44)
at org.openqa.selenium.firefox.GeckoDriverService$Builder.findDefaultExecutable(GeckoDriverService.java:167)
at org.openqa.selenium.remote.service.DriverService$Builder.build(DriverService.java:355)
at org.openqa.selenium.firefox.FirefoxDriver.toExecutor(FirefoxDriver.java:190)
at org.openqa.selenium.firefox.FirefoxDriver.<init>(FirefoxDriver.java:147)
at org.openqa.selenium.firefox.FirefoxDriver.<init>(FirefoxDriver.java:125)
at com.saucedemo.testClass.TestBaseClass.setUp(TestBaseClass.java:36)
at java.base/java.util.ArrayList.forEach(ArrayList.java:1511)
... Removed 31 stack frames]]>
    </failure>
  </testcase> <!-- @BeforeMethod setUp -->
  <testcase classname="com.saucedemo.testClass.TestBaseClass" name="@AfterMethod teardownMethod" time="-1.659801680607E9">
    <skipped/>
  </testcase> <!-- @AfterMethod teardownMethod -->
  <testcase classname="com.saucedemo.testClass.TestBaseClass" name="@BeforeMethod setUp" time="0.026">
    <failure type="java.lang.IllegalStateException" message="The driver executable does not exist: C:\Users\ADMIN\Downloads\geckodriver-v0.31.0-linux32\geckodriver.exe">
      <![CDATA[java.lang.IllegalStateException: The driver executable does not exist: C:\Users\ADMIN\Downloads\geckodriver-v0.31.0-linux32\geckodriver.exe
at com.google.common.base.Preconditions.checkState(Preconditions.java:585)
at org.openqa.selenium.remote.service.DriverService.checkExecutable(DriverService.java:146)
at org.openqa.selenium.remote.service.DriverService.findExecutable(DriverService.java:141)
at org.openqa.selenium.firefox.GeckoDriverService.access$100(GeckoDriverService.java:44)
at org.openqa.selenium.firefox.GeckoDriverService$Builder.findDefaultExecutable(GeckoDriverService.java:167)
at org.openqa.selenium.remote.service.DriverService$Builder.build(DriverService.java:355)
at org.openqa.selenium.firefox.FirefoxDriver.toExecutor(FirefoxDriver.java:190)
at org.openqa.selenium.firefox.FirefoxDriver.<init>(FirefoxDriver.java:147)
at org.openqa.selenium.firefox.FirefoxDriver.<init>(FirefoxDriver.java:125)
at com.saucedemo.testClass.TestBaseClass.setUp(TestBaseClass.java:36)
at java.base/java.util.ArrayList.forEach(ArrayList.java:1511)
... Removed 31 stack frames]]>
    </failure>
  </testcase> <!-- @BeforeMethod setUp -->
  <testcase classname="com.saucedemo.testClass.TestBaseClass" name="@AfterMethod teardownMethod" time="-1.659801680646E9">
    <skipped/>
  </testcase> <!-- @AfterMethod teardownMethod -->
  <testcase classname="com.saucedemo.testClass.TC004_VerifyMultiProduct" name="Multiproduct" time="0.0">
    <skipped/>
  </testcase> <!-- Multiproduct -->
  <testcase classname="com.saucedemo.testClass.TC002_VerifyLogoutFunctaionality" name="logoutfunctaionality" time="0.0">
    <skipped/>
  </testcase> <!-- logoutfunctaionality -->
  <testcase classname="com.saucedemo.testClass.TC003_VerifyAddtocartFunctionality" name="AddtoCart" time="0.0">
    <skipped/>
  </testcase> <!-- AddtoCart -->
  <testcase classname="com.saucedemo.testClass.TC001_VerifyLoginFunctionality" name="loginfunctaionality" time="0.0">
    <skipped/>
  </testcase> <!-- loginfunctaionality -->
  <testcase classname="com.saucedemo.testClass.TC006_VerifyBillingAndOrderFunctionality" name="BillingAndOrderFunctionality" time="0.0">
    <skipped/>
  </testcase> <!-- BillingAndOrderFunctionality -->
</testsuite> <!-- FirefoxTest -->
