<?xml version="1.0" encoding="UTF-8"?>
<!-- Generated by org.testng.reporters.JUnitXMLReporter -->
<testsuite ignored="0" hostname="DESKTOP-8EVVOI4" failures="0" tests="5" name="Test" time="0.566" errors="0" timestamp="2022-08-06T19:48:18 IST">
  <testcase classname="com.saucedemo.testClass.TestBaseClass" name="@BeforeMethod setUp" time="-1.659795498165E9">
    <failure type="org.testng.TestNGException" message="
Parameter &amp;apos;browserName&amp;apos; is required by BeforeMethod on method setUp but has not been marked @Optional or defined
in C:\Users\ADMIN\eclipse-workspace\SauceDemo_Project\testng.xml">
      <![CDATA[org.testng.TestNGException: 
Parameter 'browserName' is required by BeforeMethod on method setUp but has not been marked @Optional or defined
in C:\Users\ADMIN\eclipse-workspace\SauceDemo_Project\testng.xml
at java.base/java.util.ArrayList.forEach(ArrayList.java:1511)
... Removed 28 stack frames]]>
    </failure>
  </testcase> <!-- @BeforeMethod setUp -->
  <testcase classname="com.saucedemo.testClass.TestBaseClass" name="@AfterMethod teardownMethod" time="-1.659795498224E9">
    <skipped/>
  </testcase> <!-- @AfterMethod teardownMethod -->
  <testcase classname="com.saucedemo.testClass.TestBaseClass" name="@BeforeMethod setUp" time="-1.659795498302E9">
    <failure type="org.testng.TestNGException" message="
Parameter &amp;apos;browserName&amp;apos; is required by BeforeMethod on method setUp but has not been marked @Optional or defined
in C:\Users\ADMIN\eclipse-workspace\SauceDemo_Project\testng.xml">
      <![CDATA[org.testng.TestNGException: 
Parameter 'browserName' is required by BeforeMethod on method setUp but has not been marked @Optional or defined
in C:\Users\ADMIN\eclipse-workspace\SauceDemo_Project\testng.xml
at java.base/java.util.ArrayList.forEach(ArrayList.java:1511)
... Removed 28 stack frames]]>
    </failure>
  </testcase> <!-- @BeforeMethod setUp -->
  <testcase classname="com.saucedemo.testClass.TestBaseClass" name="@AfterMethod teardownMethod" time="-1.659795498419E9">
    <skipped/>
  </testcase> <!-- @AfterMethod teardownMethod -->
  <testcase classname="com.saucedemo.testClass.TestBaseClass" name="@BeforeMethod setUp" time="-1.659795498442E9">
    <failure type="org.testng.TestNGException" message="
Parameter &amp;apos;browserName&amp;apos; is required by BeforeMethod on method setUp but has not been marked @Optional or defined
in C:\Users\ADMIN\eclipse-workspace\SauceDemo_Project\testng.xml">
      <![CDATA[org.testng.TestNGException: 
Parameter 'browserName' is required by BeforeMethod on method setUp but has not been marked @Optional or defined
in C:\Users\ADMIN\eclipse-workspace\SauceDemo_Project\testng.xml
at java.base/java.util.ArrayList.forEach(ArrayList.java:1511)
... Removed 28 stack frames]]>
    </failure>
  </testcase> <!-- @BeforeMethod setUp -->
  <testcase classname="com.saucedemo.testClass.TestBaseClass" name="@AfterMethod teardownMethod" time="-1.659795498468E9">
    <skipped/>
  </testcase> <!-- @AfterMethod teardownMethod -->
  <testcase classname="com.saucedemo.testClass.TestBaseClass" name="@BeforeMethod setUp" time="-1.659795498494E9">
    <failure type="org.testng.TestNGException" message="
Parameter &amp;apos;browserName&amp;apos; is required by BeforeMethod on method setUp but has not been marked @Optional or defined
in C:\Users\ADMIN\eclipse-workspace\SauceDemo_Project\testng.xml">
      <![CDATA[org.testng.TestNGException: 
Parameter 'browserName' is required by BeforeMethod on method setUp but has not been marked @Optional or defined
in C:\Users\ADMIN\eclipse-workspace\SauceDemo_Project\testng.xml
at java.base/java.util.ArrayList.forEach(ArrayList.java:1511)
... Removed 28 stack frames]]>
    </failure>
  </testcase> <!-- @BeforeMethod setUp -->
  <testcase classname="com.saucedemo.testClass.TestBaseClass" name="@AfterMethod teardownMethod" time="-1.659795498534E9">
    <skipped/>
  </testcase> <!-- @AfterMethod teardownMethod -->
  <testcase classname="com.saucedemo.testClass.TestBaseClass" name="@BeforeMethod setUp" time="-1.659795498543E9">
    <failure type="org.testng.TestNGException" message="
Parameter &amp;apos;browserName&amp;apos; is required by BeforeMethod on method setUp but has not been marked @Optional or defined
in C:\Users\ADMIN\eclipse-workspace\SauceDemo_Project\testng.xml">
      <![CDATA[org.testng.TestNGException: 
Parameter 'browserName' is required by BeforeMethod on method setUp but has not been marked @Optional or defined
in C:\Users\ADMIN\eclipse-workspace\SauceDemo_Project\testng.xml
at java.base/java.util.ArrayList.forEach(ArrayList.java:1511)
... Removed 28 stack frames]]>
    </failure>
  </testcase> <!-- @BeforeMethod setUp -->
  <testcase classname="com.saucedemo.testClass.TestBaseClass" name="@AfterMethod teardownMethod" time="-1.659795498567E9">
    <skipped/>
  </testcase> <!-- @AfterMethod teardownMethod -->
  <testcase classname="com.saucedemo.testClass.TC004_VerifyMultiProduct" name="Multiproduct" time="0.0">
    <skipped/>
  </testcase> <!-- Multiproduct -->
  <testcase classname="com.saucedemo.testClass.TC002_VerifyLogoutFunctaionality" name="logoutfunctaionality" time="0.0">
    <skipped/>
  </testcase> <!-- logoutfunctaionality -->
  <testcase classname="com.saucedemo.testClass.TC003_VerifyAddtocartFunctionality" name="AddtoCart" time="0.0">
    <skipped/>
  </testcase> <!-- AddtoCart -->
  <testcase classname="com.saucedemo.testClass.TC001_VerifyLoginFunctionality" name="loginfunctaionality" time="0.0">
    <skipped/>
  </testcase> <!-- loginfunctaionality -->
  <testcase classname="com.saucedemo.testClass.TC006_VerifyBillingAndOrderFunctionality" name="BillingAndOrderFunctionality" time="0.0">
    <skipped/>
  </testcase> <!-- BillingAndOrderFunctionality -->
</testsuite> <!-- Test -->
