<!DOCTYPE html PUBLIC "-//W3C//DTD XHTML 1.1//EN" "https://www.w3.org/TR/xhtml11/DTD/xhtml11.dtd">
<html xmlns="https://www.w3.org/1999/xhtml">
<head>
<meta http-equiv="content-type" content="text/html; charset=UTF-8"/>
<title>TestNG Report</title>
<style type="text/css">table {margin-bottom:10px;border-collapse:collapse;empty-cells:show}th,td {border:1px solid #009;padding:.25em .5em}th {vertical-align:bottom}td {vertical-align:top}table a {font-weight:bold}.stripe td {background-color: #E6EBF9}.num {text-align:right}.passedodd td {background-color: #3F3}.passedeven td {background-color: #0A0}.skippedodd td {background-color: #DDD}.skippedeven td {background-color: #CCC}.failedodd td,.attn {background-color: #F33}.failedeven td,.stripe .attn {background-color: #D00}.stacktrace {white-space:pre;font-family:monospace}.totop {font-size:85%;text-align:center;border-bottom:2px solid #000}.invisible {display:none}</style>
</head>
<body>
<table>
<tr><th>Test</th><th># Passed</th><th># Skipped</th><th># Retried</th><th># Failed</th><th>Time (ms)</th><th>Included Groups</th><th>Excluded Groups</th></tr>
<tr><th colspan="8">Suite</th></tr>
<tr><td><a href="#t0">Test</a></td><td class="num">0</td><td class="num attn">5</td><td class="num">0</td><td class="num">0</td><td class="num">566</td><td></td><td></td></tr>
</table>
<table id='summary'><thead><tr><th>Class</th><th>Method</th><th>Start</th><th>Time (ms)</th></tr></thead><tbody><tr><th colspan="4">Suite</th></tr></tbody><tbody id="t0"><tr><th colspan="4">Test &#8212; failed (configuration methods)</th></tr><tr class="failedeven"><td rowspan="1">com.saucedemo.testClass.TC001_VerifyLoginFunctionality</td><td><a href="#m0">setUp</a></td><td rowspan="1">1659795498494</td><td rowspan="1">-1659795498494</td></tr><tr class="failedodd"><td rowspan="1">com.saucedemo.testClass.TC002_VerifyLogoutFunctaionality</td><td><a href="#m1">setUp</a></td><td rowspan="1">1659795498302</td><td rowspan="1">-1659795498302</td></tr><tr class="failedeven"><td rowspan="1">com.saucedemo.testClass.TC003_VerifyAddtocartFunctionality</td><td><a href="#m2">setUp</a></td><td rowspan="1">1659795498442</td><td rowspan="1">-1659795498442</td></tr><tr class="failedodd"><td rowspan="1">com.saucedemo.testClass.TC004_VerifyMultiProduct</td><td><a href="#m3">setUp</a></td><td rowspan="1">1659795498165</td><td rowspan="1">-1659795498165</td></tr><tr class="failedeven"><td rowspan="1">com.saucedemo.testClass.TC006_VerifyBillingAndOrderFunctionality</td><td><a href="#m4">setUp</a></td><td rowspan="1">1659795498543</td><td rowspan="1">-1659795498543</td></tr><tr><th colspan="4">Test &#8212; skipped (configuration methods)</th></tr><tr class="skippedeven"><td rowspan="1">com.saucedemo.testClass.TC001_VerifyLoginFunctionality</td><td><a href="#m5">teardownMethod</a></td><td rowspan="1">1659795498534</td><td rowspan="1">-1659795498534</td></tr><tr class="skippedodd"><td rowspan="1">com.saucedemo.testClass.TC002_VerifyLogoutFunctaionality</td><td><a href="#m6">teardownMethod</a></td><td rowspan="1">1659795498419</td><td rowspan="1">-1659795498419</td></tr><tr class="skippedeven"><td rowspan="1">com.saucedemo.testClass.TC003_VerifyAddtocartFunctionality</td><td><a href="#m7">teardownMethod</a></td><td rowspan="1">1659795498468</td><td rowspan="1">-1659795498468</td></tr><tr class="skippedodd"><td rowspan="1">com.saucedemo.testClass.TC004_VerifyMultiProduct</td><td><a href="#m8">teardownMethod</a></td><td rowspan="1">1659795498224</td><td rowspan="1">-1659795498224</td></tr><tr class="skippedeven"><td rowspan="1">com.saucedemo.testClass.TC006_VerifyBillingAndOrderFunctionality</td><td><a href="#m9">teardownMethod</a></td><td rowspan="1">1659795498567</td><td rowspan="1">-1659795498567</td></tr><tr><th colspan="4">Test &#8212; skipped</th></tr><tr class="skippedeven"><td rowspan="1">com.saucedemo.testClass.TC001_VerifyLoginFunctionality</td><td><a href="#m10">loginfunctaionality</a></td><td rowspan="1">1659795498516</td><td rowspan="1">0</td></tr><tr class="skippedodd"><td rowspan="1">com.saucedemo.testClass.TC002_VerifyLogoutFunctaionality</td><td><a href="#m11">logoutfunctaionality</a></td><td rowspan="1">1659795498376</td><td rowspan="1">0</td></tr><tr class="skippedeven"><td rowspan="1">com.saucedemo.testClass.TC003_VerifyAddtocartFunctionality</td><td><a href="#m12">AddtoCart</a></td><td rowspan="1">1659795498453</td><td rowspan="1">0</td></tr><tr class="skippedodd"><td rowspan="1">com.saucedemo.testClass.TC004_VerifyMultiProduct</td><td><a href="#m13">Multiproduct</a></td><td rowspan="1">1659795498200</td><td rowspan="1">0</td></tr><tr class="skippedeven"><td rowspan="1">com.saucedemo.testClass.TC006_VerifyBillingAndOrderFunctionality</td><td><a href="#m14">BillingAndOrderFunctionality</a></td><td rowspan="1">1659795498549</td><td rowspan="1">0</td></tr></tbody>
</table>
<h2>Test</h2><h3 id="m0">com.saucedemo.testClass.TC001_VerifyLoginFunctionality#setUp</h3><table class="result"><tr><th>Exception</th></tr><tr><td><div class="stacktrace">org.testng.TestNGException: 
Parameter &apos;browserName&apos; is required by BeforeMethod on method setUp but has not been marked @Optional or defined
in C:\Users\ADMIN\eclipse-workspace\SauceDemo_Project\testng.xml
	at java.base/java.util.ArrayList.forEach(ArrayList.java:1511)
... Removed 28 stack frames</div></td></tr></table><p class="totop"><a href="#summary">back to summary</a></p>
<h3 id="m1">com.saucedemo.testClass.TC002_VerifyLogoutFunctaionality#setUp</h3><table class="result"><tr><th>Exception</th></tr><tr><td><div class="stacktrace">org.testng.TestNGException: 
Parameter &apos;browserName&apos; is required by BeforeMethod on method setUp but has not been marked @Optional or defined
in C:\Users\ADMIN\eclipse-workspace\SauceDemo_Project\testng.xml
	at java.base/java.util.ArrayList.forEach(ArrayList.java:1511)
... Removed 28 stack frames</div></td></tr></table><p class="totop"><a href="#summary">back to summary</a></p>
<h3 id="m2">com.saucedemo.testClass.TC003_VerifyAddtocartFunctionality#setUp</h3><table class="result"><tr><th>Exception</th></tr><tr><td><div class="stacktrace">org.testng.TestNGException: 
Parameter &apos;browserName&apos; is required by BeforeMethod on method setUp but has not been marked @Optional or defined
in C:\Users\ADMIN\eclipse-workspace\SauceDemo_Project\testng.xml
	at java.base/java.util.ArrayList.forEach(ArrayList.java:1511)
... Removed 28 stack frames</div></td></tr></table><p class="totop"><a href="#summary">back to summary</a></p>
<h3 id="m3">com.saucedemo.testClass.TC004_VerifyMultiProduct#setUp</h3><table class="result"><tr><th>Exception</th></tr><tr><td><div class="stacktrace">org.testng.TestNGException: 
Parameter &apos;browserName&apos; is required by BeforeMethod on method setUp but has not been marked @Optional or defined
in C:\Users\ADMIN\eclipse-workspace\SauceDemo_Project\testng.xml
	at java.base/java.util.ArrayList.forEach(ArrayList.java:1511)
... Removed 28 stack frames</div></td></tr></table><p class="totop"><a href="#summary">back to summary</a></p>
<h3 id="m4">com.saucedemo.testClass.TC006_VerifyBillingAndOrderFunctionality#setUp</h3><table class="result"><tr><th>Exception</th></tr><tr><td><div class="stacktrace">org.testng.TestNGException: 
Parameter &apos;browserName&apos; is required by BeforeMethod on method setUp but has not been marked @Optional or defined
in C:\Users\ADMIN\eclipse-workspace\SauceDemo_Project\testng.xml
	at java.base/java.util.ArrayList.forEach(ArrayList.java:1511)
... Removed 28 stack frames</div></td></tr></table><p class="totop"><a href="#summary">back to summary</a></p>
<h3 id="m5">com.saucedemo.testClass.TC001_VerifyLoginFunctionality#teardownMethod</h3><table class="result"><tr><th class="invisible"/></tr></table><p class="totop"><a href="#summary">back to summary</a></p>
<h3 id="m6">com.saucedemo.testClass.TC002_VerifyLogoutFunctaionality#teardownMethod</h3><table class="result"><tr><th class="invisible"/></tr></table><p class="totop"><a href="#summary">back to summary</a></p>
<h3 id="m7">com.saucedemo.testClass.TC003_VerifyAddtocartFunctionality#teardownMethod</h3><table class="result"><tr><th class="invisible"/></tr></table><p class="totop"><a href="#summary">back to summary</a></p>
<h3 id="m8">com.saucedemo.testClass.TC004_VerifyMultiProduct#teardownMethod</h3><table class="result"><tr><th class="invisible"/></tr></table><p class="totop"><a href="#summary">back to summary</a></p>
<h3 id="m9">com.saucedemo.testClass.TC006_VerifyBillingAndOrderFunctionality#teardownMethod</h3><table class="result"><tr><th class="invisible"/></tr></table><p class="totop"><a href="#summary">back to summary</a></p>
<h3 id="m10">com.saucedemo.testClass.TC001_VerifyLoginFunctionality#loginfunctaionality</h3><table class="result"><tr><th>Exception</th></tr><tr><td><div class="stacktrace">org.testng.TestNGException: 
Parameter &apos;browserName&apos; is required by BeforeMethod on method setUp but has not been marked @Optional or defined
in C:\Users\ADMIN\eclipse-workspace\SauceDemo_Project\testng.xml
	at java.base/java.util.ArrayList.forEach(ArrayList.java:1511)
... Removed 28 stack frames</div></td></tr></table><p class="totop"><a href="#summary">back to summary</a></p>
<h3 id="m11">com.saucedemo.testClass.TC002_VerifyLogoutFunctaionality#logoutfunctaionality</h3><table class="result"><tr><th>Exception</th></tr><tr><td><div class="stacktrace">org.testng.TestNGException: 
Parameter &apos;browserName&apos; is required by BeforeMethod on method setUp but has not been marked @Optional or defined
in C:\Users\ADMIN\eclipse-workspace\SauceDemo_Project\testng.xml
	at java.base/java.util.ArrayList.forEach(ArrayList.java:1511)
... Removed 28 stack frames</div></td></tr></table><p class="totop"><a href="#summary">back to summary</a></p>
<h3 id="m12">com.saucedemo.testClass.TC003_VerifyAddtocartFunctionality#AddtoCart</h3><table class="result"><tr><th>Exception</th></tr><tr><td><div class="stacktrace">org.testng.TestNGException: 
Parameter &apos;browserName&apos; is required by BeforeMethod on method setUp but has not been marked @Optional or defined
in C:\Users\ADMIN\eclipse-workspace\SauceDemo_Project\testng.xml
	at java.base/java.util.ArrayList.forEach(ArrayList.java:1511)
... Removed 28 stack frames</div></td></tr></table><p class="totop"><a href="#summary">back to summary</a></p>
<h3 id="m13">com.saucedemo.testClass.TC004_VerifyMultiProduct#Multiproduct</h3><table class="result"><tr><th>Exception</th></tr><tr><td><div class="stacktrace">org.testng.TestNGException: 
Parameter &apos;browserName&apos; is required by BeforeMethod on method setUp but has not been marked @Optional or defined
in C:\Users\ADMIN\eclipse-workspace\SauceDemo_Project\testng.xml
	at java.base/java.util.ArrayList.forEach(ArrayList.java:1511)
... Removed 28 stack frames</div></td></tr></table><p class="totop"><a href="#summary">back to summary</a></p>
<h3 id="m14">com.saucedemo.testClass.TC006_VerifyBillingAndOrderFunctionality#BillingAndOrderFunctionality</h3><table class="result"><tr><th>Exception</th></tr><tr><td><div class="stacktrace">org.testng.TestNGException: 
Parameter &apos;browserName&apos; is required by BeforeMethod on method setUp but has not been marked @Optional or defined
in C:\Users\ADMIN\eclipse-workspace\SauceDemo_Project\testng.xml
	at java.base/java.util.ArrayList.forEach(ArrayList.java:1511)
... Removed 28 stack frames</div></td></tr></table><p class="totop"><a href="#summary">back to summary</a></p>
</body>
</html>
